[04-Mar-2025 09:51:36 UTC] PHP Parse error:  syntax error, unexpected token "/", expecting end of file in /home/hasan/Local Sites/finsweetblogwebsite/app/public/wp-content/themes/finsweetblogsite/functions.php on line 2
[04-Mar-2025 09:51:36 UTC] PHP Warning:  Trying to access array offset on value of type bool in /home/hasan/Local Sites/finsweetblogwebsite/app/public/wp-includes/class-wp-recovery-mode-email-service.php on line 367
[04-Mar-2025 09:51:36 UTC] PHP Warning:  Trying to access array offset on value of type bool in /home/hasan/Local Sites/finsweetblogwebsite/app/public/wp-includes/class-wp-recovery-mode-email-service.php on line 368
[04-Mar-2025 10:05:11 UTC] PHP Parse error:  syntax error, unexpected token "?", expecting end of file in /home/hasan/Local Sites/finsweetblogwebsite/app/public/wp-content/themes/finsweetblogsite/index.php on line 7
[04-Mar-2025 10:05:19 UTC] PHP Parse error:  syntax error, unexpected token "?", expecting end of file in /home/hasan/Local Sites/finsweetblogwebsite/app/public/wp-content/themes/finsweetblogsite/index.php on line 7
[04-Mar-2025 10:37:06 UTC] PHP Parse error:  syntax error, unexpected end of file in /home/hasan/Local Sites/finsweetblogwebsite/app/public/wp-content/themes/finsweetblogsite/functions.php on line 11
[04-Mar-2025 10:43:07 UTC] PHP Parse error:  syntax error, unexpected token "}" in /home/hasan/Local Sites/finsweetblogwebsite/app/public/wp-content/themes/finsweetblogsite/functions.php on line 8
[04-Mar-2025 10:45:07 UTC] PHP Parse error:  syntax error, unexpected token "}" in /home/hasan/Local Sites/finsweetblogwebsite/app/public/wp-content/themes/finsweetblogsite/functions.php on line 8
[04-Mar-2025 10:45:45 UTC] PHP Parse error:  syntax error, unexpected token "}" in /home/hasan/Local Sites/finsweetblogwebsite/app/public/wp-content/themes/finsweetblogsite/functions.php on line 8
[04-Mar-2025 10:45:46 UTC] PHP Parse error:  syntax error, unexpected token "}" in /home/hasan/Local Sites/finsweetblogwebsite/app/public/wp-content/themes/finsweetblogsite/functions.php on line 8
[04-Mar-2025 10:45:56 UTC] PHP Parse error:  syntax error, unexpected token ";", expecting ")" in /home/hasan/Local Sites/finsweetblogwebsite/app/public/wp-content/themes/finsweetblogsite/functions.php on line 7
[04-Mar-2025 10:45:56 UTC] PHP Parse error:  syntax error, unexpected token ";", expecting ")" in /home/hasan/Local Sites/finsweetblogwebsite/app/public/wp-content/themes/finsweetblogsite/functions.php on line 7
[04-Mar-2025 10:46:04 UTC] PHP Parse error:  syntax error, unexpected token ";", expecting ")" in /home/hasan/Local Sites/finsweetblogwebsite/app/public/wp-content/themes/finsweetblogsite/functions.php on line 7
[04-Mar-2025 10:46:04 UTC] PHP Parse error:  syntax error, unexpected token ";", expecting ")" in /home/hasan/Local Sites/finsweetblogwebsite/app/public/wp-content/themes/finsweetblogsite/functions.php on line 7
[04-Mar-2025 10:51:08 UTC] PHP Parse error:  syntax error, unexpected token "/" in /home/hasan/Local Sites/finsweetblogwebsite/app/public/wp-content/themes/finsweetblogsite/functions.php on line 9
[04-Mar-2025 10:51:58 UTC] PHP Parse error:  syntax error, unexpected token "/" in /home/hasan/Local Sites/finsweetblogwebsite/app/public/wp-content/themes/finsweetblogsite/functions.php on line 9
[04-Mar-2025 10:51:58 UTC] PHP Parse error:  syntax error, unexpected token "/" in /home/hasan/Local Sites/finsweetblogwebsite/app/public/wp-content/themes/finsweetblogsite/functions.php on line 9
[04-Mar-2025 10:52:08 UTC] PHP Parse error:  syntax error, unexpected token "/" in /home/hasan/Local Sites/finsweetblogwebsite/app/public/wp-content/themes/finsweetblogsite/functions.php on line 9
[04-Mar-2025 10:53:08 UTC] PHP Parse error:  syntax error, unexpected token "}" in /home/hasan/Local Sites/finsweetblogwebsite/app/public/wp-content/themes/finsweetblogsite/functions.php on line 10
[04-Mar-2025 10:53:51 UTC] PHP Parse error:  syntax error, unexpected single-quoted string "./assets/css/bootstrap.min.css", expecting ")" in /home/hasan/Local Sites/finsweetblogwebsite/app/public/wp-content/themes/finsweetblogsite/functions.php on line 9
[04-Mar-2025 10:53:51 UTC] PHP Parse error:  syntax error, unexpected single-quoted string "./assets/css/bootstrap.min.css", expecting ")" in /home/hasan/Local Sites/finsweetblogwebsite/app/public/wp-content/themes/finsweetblogsite/functions.php on line 9
[04-Mar-2025 10:55:08 UTC] PHP Parse error:  syntax error, unexpected token "/" in /home/hasan/Local Sites/finsweetblogwebsite/app/public/wp-content/themes/finsweetblogsite/functions.php on line 9
[04-Mar-2025 10:57:08 UTC] PHP Parse error:  syntax error, unexpected token "/" in /home/hasan/Local Sites/finsweetblogwebsite/app/public/wp-content/themes/finsweetblogsite/functions.php on line 9
[04-Mar-2025 10:57:19 UTC] PHP Parse error:  syntax error, unexpected token "/" in /home/hasan/Local Sites/finsweetblogwebsite/app/public/wp-content/themes/finsweetblogsite/functions.php on line 9
[04-Mar-2025 10:57:19 UTC] PHP Parse error:  syntax error, unexpected token "/" in /home/hasan/Local Sites/finsweetblogwebsite/app/public/wp-content/themes/finsweetblogsite/functions.php on line 9
[04-Mar-2025 10:57:19 UTC] PHP Parse error:  syntax error, unexpected token "/" in /home/hasan/Local Sites/finsweetblogwebsite/app/public/wp-content/themes/finsweetblogsite/functions.php on line 9
[04-Mar-2025 10:57:19 UTC] PHP Parse error:  syntax error, unexpected token "/" in /home/hasan/Local Sites/finsweetblogwebsite/app/public/wp-content/themes/finsweetblogsite/functions.php on line 9
[04-Mar-2025 11:20:52 UTC] PHP Parse error:  syntax error, unexpected token "/" in /home/hasan/Local Sites/finsweetblogwebsite/app/public/wp-content/themes/finsweetblogsite/functions.php on line 8
[04-Mar-2025 11:20:52 UTC] PHP Parse error:  syntax error, unexpected token "/" in /home/hasan/Local Sites/finsweetblogwebsite/app/public/wp-content/themes/finsweetblogsite/functions.php on line 8
[05-Mar-2025 06:15:10 UTC] PHP Parse error:  syntax error, unexpected token "/" in /home/hasan/Local Sites/finsweetblogwebsite/app/public/wp-content/themes/finsweetblogsite/functions.php on line 9
[05-Mar-2025 06:15:11 UTC] PHP Parse error:  syntax error, unexpected token "/" in /home/hasan/Local Sites/finsweetblogwebsite/app/public/wp-content/themes/finsweetblogsite/functions.php on line 9
[05-Mar-2025 06:15:14 UTC] PHP Parse error:  syntax error, unexpected token "/" in /home/hasan/Local Sites/finsweetblogwebsite/app/public/wp-content/themes/finsweetblogsite/functions.php on line 9
[05-Mar-2025 06:15:14 UTC] PHP Parse error:  syntax error, unexpected token "/" in /home/hasan/Local Sites/finsweetblogwebsite/app/public/wp-content/themes/finsweetblogsite/functions.php on line 9
[05-Mar-2025 06:31:49 UTC] PHP Parse error:  syntax error, unexpected identifier "wp_register_script" in /home/hasan/Local Sites/finsweetblogwebsite/app/public/wp-content/themes/finsweetblogsite/functions.php on line 12
[05-Mar-2025 07:11:18 UTC] PHP Parse error:  syntax error, unexpected end of file, expecting "(" in /home/hasan/Local Sites/finsweetblogwebsite/app/public/wp-content/themes/finsweetblogsite/functions.php on line 27
[05-Mar-2025 07:15:54 UTC] PHP Warning:  Attempt to read property "title" on null in /home/hasan/Local Sites/finsweetblogwebsite/app/public/wp-includes/class-wp-customize-widgets.php on line 923
[05-Mar-2025 07:16:43 UTC] PHP Warning:  Attempt to read property "title" on null in /home/hasan/Local Sites/finsweetblogwebsite/app/public/wp-includes/class-wp-customize-widgets.php on line 923
[05-Mar-2025 07:17:45 UTC] PHP Parse error:  syntax error, unexpected end of file in /home/hasan/Local Sites/finsweetblogwebsite/app/public/wp-content/themes/finsweetblogsite/functions.php on line 33
[05-Mar-2025 07:19:09 UTC] PHP Warning:  Attempt to read property "title" on null in /home/hasan/Local Sites/finsweetblogwebsite/app/public/wp-includes/class-wp-customize-widgets.php on line 923
[05-Mar-2025 07:20:13 UTC] PHP Warning:  Attempt to read property "title" on null in /home/hasan/Local Sites/finsweetblogwebsite/app/public/wp-includes/class-wp-customize-widgets.php on line 923
[05-Mar-2025 07:20:42 UTC] PHP Warning:  Attempt to read property "title" on null in /home/hasan/Local Sites/finsweetblogwebsite/app/public/wp-includes/class-wp-customize-widgets.php on line 923
[05-Mar-2025 07:20:42 UTC] PHP Warning:  Attempt to read property "title" on null in /home/hasan/Local Sites/finsweetblogwebsite/app/public/wp-includes/class-wp-customize-widgets.php on line 923
[05-Mar-2025 07:55:54 UTC] PHP Warning:  Attempt to read property "title" on null in /home/hasan/Local Sites/finsweetblogwebsite/app/public/wp-includes/class-wp-customize-widgets.php on line 923
[05-Mar-2025 08:39:42 UTC] PHP Warning:  Attempt to read property "title" on null in /home/hasan/Local Sites/finsweetblogwebsite/app/public/wp-includes/class-wp-customize-widgets.php on line 923
[05-Mar-2025 08:42:44 UTC] PHP Warning:  Attempt to read property "title" on null in /home/hasan/Local Sites/finsweetblogwebsite/app/public/wp-includes/class-wp-customize-widgets.php on line 923
[05-Mar-2025 08:51:47 UTC] PHP Warning:  Attempt to read property "title" on null in /home/hasan/Local Sites/finsweetblogwebsite/app/public/wp-includes/class-wp-customize-widgets.php on line 923
[05-Mar-2025 11:42:57 UTC] PHP Warning:  Attempt to read property "title" on null in /home/hasan/Local Sites/finsweetblogwebsite/app/public/wp-includes/class-wp-customize-widgets.php on line 923
[06-Mar-2025 00:24:53 UTC] PHP Parse error:  syntax error, unexpected token "}" in /home/hasan/Local Sites/finsweetblogwebsite/app/public/wp-content/themes/finsweetblogsite/functions.php on line 24
[06-Mar-2025 00:24:53 UTC] PHP Warning:  Trying to access array offset on value of type bool in /home/hasan/Local Sites/finsweetblogwebsite/app/public/wp-includes/class-wp-recovery-mode-email-service.php on line 367
[06-Mar-2025 00:24:53 UTC] PHP Warning:  Trying to access array offset on value of type bool in /home/hasan/Local Sites/finsweetblogwebsite/app/public/wp-includes/class-wp-recovery-mode-email-service.php on line 368
